mode: atomic
gosso/internal/database/factory/sqlite_factory.go:15.43,17.2 1 2
gosso/internal/database/factory/sqlite_factory.go:21.97,23.16 2 0
gosso/internal/database/factory/sqlite_factory.go:23.16,25.3 1 0
gosso/internal/database/factory/sqlite_factory.go:26.2,26.47 1 0
gosso/internal/database/factory/sqlite_factory.go:29.84,31.2 1 0
gosso/internal/service/captcha/captcha.go:33.42,37.2 1 3
gosso/internal/service/captcha/captcha.go:40.84,45.16 4 6
gosso/internal/service/captcha/captcha.go:45.16,47.3 1 0
gosso/internal/service/captcha/captcha.go:49.2,53.8 1 6
gosso/internal/service/captcha/captcha.go:57.69,59.2 1 4
gosso/internal/service/captcha/captcha.go:62.85,65.21 2 6
gosso/internal/service/captcha/captcha.go:66.16,67.93 1 1
gosso/internal/service/captcha/captcha.go:68.19,69.134 1 1
gosso/internal/service/captcha/captcha.go:70.17,71.42 1 1
gosso/internal/service/captcha/captcha.go:72.18,73.110 1 1
gosso/internal/service/captcha/captcha.go:74.10,75.42 1 2
gosso/internal/service/account/account.go:16.53,21.2 1 2
gosso/internal/service/account/account.go:23.89,28.2 3 1
gosso/internal/service/account/account.go:30.88,34.2 3 1
gosso/internal/service/auth/auth.go:8.78,10.2 1 0
gosso/utility/test_engine.go:23.27,29.6 3 0
gosso/utility/test_engine.go:29.6,31.47 2 0
gosso/utility/test_engine.go:31.47,33.4 1 0
gosso/utility/test_engine.go:34.3,35.30 2 0
gosso/utility/test_engine.go:35.30,37.4 1 0
gosso/utility/test_engine.go:38.3,38.25 1 0
gosso/utility/test_engine.go:44.23,45.21 1 0
gosso/utility/test_engine.go:45.21,49.17 4 0
gosso/utility/test_engine.go:49.17,51.4 1 0
gosso/utility/test_engine.go:55.27,62.56 4 0
gosso/utility/test_engine.go:62.56,65.3 2 0
gosso/utility/test_engine.go:65.8,65.72 1 0
gosso/utility/test_engine.go:65.72,68.3 2 0
gosso/utility/test_engine.go:68.8,72.3 2 0
gosso/utility/test_engine.go:74.2,78.16 4 0
gosso/utility/test_engine.go:78.16,80.3 1 0
gosso/utility/test_engine.go:82.2,83.16 2 0
gosso/utility/test_engine.go:83.16,85.3 1 0
gosso/utility/test_engine.go:87.2,87.15 1 0
gosso/utility/test_engine.go:90.79,98.12 3 0
gosso/utility/test_engine.go:98.12,99.56 1 0
gosso/utility/test_engine.go:99.56,100.53 1 0
gosso/utility/test_engine.go:100.53,103.5 2 0
gosso/utility/test_engine.go:104.4,104.66 1 0
gosso/utility/test_engine.go:108.2,108.21 1 0
gosso/utility/test_engine.go:111.68,117.14 4 0
gosso/utility/test_engine.go:117.14,119.3 1 0
gosso/utility/test_engine.go:121.2,123.15 2 0
gosso/internal/repository/account/email.go:28.65,30.2 1 3
gosso/internal/repository/account/email.go:39.3,51.36 4 3
gosso/internal/repository/account/email.go:51.36,53.3 1 1
gosso/internal/repository/account/email.go:54.2,55.8 2 2
gosso/internal/repository/account/phone.go:26.65,30.2 1 3
gosso/internal/repository/account/phone.go:39.3,49.36 2 3
gosso/internal/repository/account/phone.go:49.36,51.3 1 1
gosso/internal/repository/account/phone.go:52.2,53.8 2 2
gosso/internal/task/account/send_email_code.go:18.62,20.2 1 1
gosso/internal/task/account/send_email_code.go:22.60,39.75 5 1
gosso/internal/task/account/send_email_code.go:39.75,42.3 2 1
gosso/internal/task/account/send_email_code.go:44.2,45.12 2 0
gosso/internal/task/account/send_email_code.go:49.40,53.16 3 1
gosso/internal/task/account/send_email_code.go:53.16,57.3 2 0
gosso/internal/task/account/send_email_code.go:58.2,59.34 2 1
gosso/internal/task/account/send_phone_code.go:12.61,14.2 1 1
gosso/internal/task/account/send_phone_code.go:16.60,20.2 2 1
